<?xml version="1.0" encoding="UTF-8"?>
<!-- Generated by org.testng.reporters.JUnitXMLReporter -->
<testsuite ignored="0" hostname="LAPTOP-IBLHU5QH" failures="0" tests="3" name="Default test" time="58.995" errors="0" timestamp="2024-11-25T21:18:15 IST">
  <testcase classname="ListenersA.TestNGClass2" name="clickonpublichealth" time="5.571"/>
  <testcase classname="ListenersA.TestNGClass2" name="clickonpublichealth" time="3.179"/>
  <testcase classname="ListenersA.TestNGClass2" name="clickonnews" time="3.318"/>
</testsuite> <!-- Default test -->
