<?xml version="1.0" encoding="UTF-8"?>
<!-- Generated by org.testng.reporters.JUnitXMLReporter -->
<testsuite ignored="0" hostname="LAPTOP-IBLHU5QH" failures="0" tests="3" name="Test" time="71.007" errors="0" timestamp="2024-11-26T16:42:57 IST">
  <testcase classname="ListenersA.TestNGClass2" name="clickonpublichealth" time="9.541"/>
  <testcase classname="ListenersA.TestNGClass2" name="clickonpublichealth" time="3.485"/>
  <testcase classname="ListenersA.TestNGClass2" name="clickonnews" time="3.444"/>
</testsuite> <!-- Test -->
