<?xml version="1.0" encoding="UTF-8"?>
<!-- Generated by org.testng.reporters.JUnitXMLReporter -->
<testsuite ignored="0" hostname="LAPTOP-IBLHU5QH" failures="0" tests="3" name="Testing on Edge" time="59.392" errors="0" timestamp="2024-11-27T23:06:32 IST">
  <testcase classname="ListenersA.TestNGClass2" name="clickonpublichealth" time="5.565"/>
  <testcase classname="ListenersA.TestNGClass2" name="clickonpublichealth" time="3.219"/>
  <testcase classname="ListenersA.TestNGClass2" name="clickonnews" time="3.266"/>
</testsuite> <!-- Testing on Edge -->
