<?xml version="1.0" encoding="UTF-8"?>
<!-- Generated by org.testng.reporters.JUnitXMLReporter -->
<testsuite ignored="1" hostname="LAPTOP-IBLHU5QH" failures="0" tests="2" name="Testing on Edge(failed)" time="46.814" errors="0" timestamp="2024-11-27T14:40:42 IST">
  <testcase classname="ListenersA.TestNGClass2" name="clickonpublichealth" time="5.93"/>
  <testcase classname="ListenersA.TestNGClass2" name="clickonpublichealth" time="3.323"/>
  <testcase classname="ListenersA.TestNGClass2" name="clickonnews" time="0.0">
    <ignored/>
  </testcase> <!-- clickonnews -->
</testsuite> <!-- Testing on Edge(failed) -->
