<?xml version="1.0" encoding="UTF-8"?>
<testng-results ignored="0" total="3" passed="3" failed="0" skipped="0">
  <reporter-output>
  </reporter-output>
  <suite started-at="2024-11-27T23:05:33 IST" name="Suite" finished-at="2024-11-27T23:06:32 IST" duration-ms="59392">
    <groups>
    </groups>
    <test started-at="2024-11-27T23:05:33 IST" name="Testing on Edge" finished-at="2024-11-27T23:06:32 IST" duration-ms="59392">
      <class name="ListenersA.TestNGClass2">
        <test-method is-config="true" signature="launchbrowser()[pri:0, instance:ListenersA.TestNGClass2@4a94ee4]" started-at="2024-11-27T23:05:33 IST" name="launchbrowser" finished-at="2024-11-27T23:05:36 IST" duration-ms="3164" status="PASS">
          <reporter-output>
          </reporter-output>
        </test-method> <!-- launchbrowser -->
        <test-method is-config="true" signature="clickonblog()[pri:0, instance:ListenersA.TestNGClass2@4a94ee4]" started-at="2024-11-27T23:05:36 IST" name="clickonblog" finished-at="2024-11-27T23:05:49 IST" duration-ms="12377" status="PASS">
          <reporter-output>
          </reporter-output>
        </test-method> <!-- clickonblog -->
        <test-method signature="clickonpublichealth()[pri:1, instance:ListenersA.TestNGClass2@4a94ee4]" started-at="2024-11-27T23:05:49 IST" name="clickonpublichealth" finished-at="2024-11-27T23:05:54 IST" duration-ms="5565" status="PASS">
          <reporter-output>
          </reporter-output>
        </test-method> <!-- clickonpublichealth -->
        <test-method is-config="true" signature="clickonLogo()[pri:0, instance:ListenersA.TestNGClass2@4a94ee4]" started-at="2024-11-27T23:05:54 IST" name="clickonLogo" finished-at="2024-11-27T23:05:59 IST" duration-ms="4224" status="PASS">
          <reporter-output>
          </reporter-output>
        </test-method> <!-- clickonLogo -->
        <test-method is-config="true" signature="clickonblog()[pri:0, instance:ListenersA.TestNGClass2@4a94ee4]" started-at="2024-11-27T23:05:59 IST" name="clickonblog" finished-at="2024-11-27T23:06:08 IST" duration-ms="9800" status="PASS">
          <reporter-output>
          </reporter-output>
        </test-method> <!-- clickonblog -->
        <test-method signature="clickonpublichealth()[pri:1, instance:ListenersA.TestNGClass2@4a94ee4]" started-at="2024-11-27T23:06:08 IST" name="clickonpublichealth" finished-at="2024-11-27T23:06:12 IST" duration-ms="3219" status="PASS">
          <reporter-output>
          </reporter-output>
        </test-method> <!-- clickonpublichealth -->
        <test-method is-config="true" signature="clickonLogo()[pri:0, instance:ListenersA.TestNGClass2@4a94ee4]" started-at="2024-11-27T23:06:12 IST" name="clickonLogo" finished-at="2024-11-27T23:06:15 IST" duration-ms="3699" status="PASS">
          <reporter-output>
          </reporter-output>
        </test-method> <!-- clickonLogo -->
        <test-method is-config="true" signature="clickonblog()[pri:0, instance:ListenersA.TestNGClass2@4a94ee4]" started-at="2024-11-27T23:06:15 IST" name="clickonblog" finished-at="2024-11-27T23:06:25 IST" duration-ms="9926" status="PASS">
          <reporter-output>
          </reporter-output>
        </test-method> <!-- clickonblog -->
        <test-method signature="clickonnews()[pri:2, instance:ListenersA.TestNGClass2@4a94ee4]" started-at="2024-11-27T23:06:25 IST" name="clickonnews" finished-at="2024-11-27T23:06:29 IST" duration-ms="3266" status="PASS">
          <reporter-output>
          </reporter-output>
        </test-method> <!-- clickonnews -->
        <test-method is-config="true" signature="clickonLogo()[pri:0, instance:ListenersA.TestNGClass2@4a94ee4]" started-at="2024-11-27T23:06:29 IST" name="clickonLogo" finished-at="2024-11-27T23:06:32 IST" duration-ms="3660" status="PASS">
          <reporter-output>
          </reporter-output>
        </test-method> <!-- clickonLogo -->
        <test-method is-config="true" signature="closebrowser()[pri:0, instance:ListenersA.TestNGClass2@4a94ee4]" started-at="2024-11-27T23:06:32 IST" name="closebrowser" finished-at="2024-11-27T23:06:32 IST" duration-ms="168" status="PASS">
          <reporter-output>
          </reporter-output>
        </test-method> <!-- closebrowser -->
      </class> <!-- ListenersA.TestNGClass2 -->
    </test> <!-- Testing on Edge -->
  </suite> <!-- Suite -->
</testng-results>
